  Assembling sort.asm...
sort.asm(1): error A2013: .MODEL must precede this directive
sort.asm(3): error A2034: must be in segment block
sort.asm(4): error A2034: must be in segment block
sort.asm(5): error A2034: must be in segment block
sort.asm(6): error A2034: must be in segment block
sort.asm(7): error A2034: must be in segment block
sort.asm(8): error A2034: must be in segment block
sort.asm(9): error A2034: must be in segment block
sort.asm(11): error A2013: .MODEL must precede this directive
sort.asm(12): error A2034: must be in segment block : Sort
sort.asm(14): error A2034: must be in segment block
sort.asm(15): error A2034: must be in segment block
sort.asm(16): error A2034: must be in segment block
sort.asm(17): error A2034: must be in segment block
sort.asm(21): error A2034: must be in segment block
sort.asm(22): error A2034: must be in segment block
sort.asm(25): error A2034: must be in segment block
sort.asm(26): error A2034: must be in segment block
sort.asm(27): error A2034: must be in segment block
sort.asm(29): error A2034: must be in segment block
sort.asm(30): error A2034: must be in segment block
sort.asm(31): error A2034: must be in segment block
sort.asm(32): error A2034: must be in segment block
sort.asm(33): error A2034: must be in segment block
sort.asm(34): error A2034: must be in segment block
sort.asm(35): error A2034: must be in segment block
sort.asm(36): error A2034: must be in segment block
sort.asm(37): error A2034: must be in segment block
sort.asm(38): error A2034: must be in segment block
sort.asm(42): error A2034: must be in segment block
sort.asm(43): error A2034: must be in segment block
sort.asm(44): error A2034: must be in segment block
sort.asm(45): error A2034: must be in segment block
sort.asm(47): error A2034: must be in segment block
sort.asm(48): error A2034: must be in segment block
sort.asm(49): error A2034: must be in segment block
sort.asm(53): error A2034: must be in segment block
sort.asm(54): error A2034: must be in segment block
sort.asm(55): error A2034: must be in segment block
sort.asm(56): error A2034: must be in segment block
sort.asm(57): error A2034: must be in segment block
sort.asm(59): fatal error A1010: unmatched block nesting : Sort
C:\Program Files (x86)\Microsoft Visual Studio\2019\Community\MSBuild\Microsoft\VC\v160\BuildCustomizations\masm.targets(70,5): error MSB3721: The command "ml.exe /c /nologo /Zi /Fo"Release\sort.obj" /W3 /errorReport:prompt  /Tasort.asm" exited with code 1.
